This is pdfTeX, Version 3.141592653-2.6-1.40.24 (TeX Live 2022) (preloaded format=pdflatex 2022.5.6)  7 JUL 2022 19:47
entering extended mode
 restricted \write18 enabled.
 file:line:error style messages enabled.
 %&-line parsing enabled.
**c:/Users/Daniel/Documents/DOUTORADO/LATEX_tese/tese.tex
(c:/Users/Daniel/Documents/DOUTORADO/LATEX_tese/tese.tex
LaTeX2e <2021-11-15> patch level 1
L3 programming layer <2022-05-04> (./ita.cls
Document Class: ita 2006/03/10 v2.0 Classe de documento com padr\GenericError {               }{LaTeX Error: Invalid UTF-8 byte "F5}{See the LaTeX manual or LaTeX Companion for explanation.}{The document does not appear to be in UTF-8 encoding.\MessageBreak Try adding \UseRawInputEncoding as the first line of the file\MessageBreak or specify an encoding such as \usepackage [latin1]{inputenc}\MessageBreak in the document preamble.\MessageBreak Alternatively, save the file in UTF-8 using your editor or another tool}es do ITA
(c:/texlive/2022/texmf-dist/tex/generic/iftex/ifpdf.sty
Package: ifpdf 2019/10/25 v3.4 ifpdf legacy package. Use iftex instead.
 (c:/texlive/2022/texmf-dist/tex/generic/iftex/iftex.sty
Package: iftex 2022/02/03 v1.0f TeX engine tests
)) (./defaults.def) (./dsc.def) (c:/texlive/2022/texmf-dist/tex/latex/base/book.cls
Document Class: book 2021/10/04 v1.4n Standard LaTeX document class
(c:/texlive/2022/texmf-dist/tex/latex/base/bk12.clo
File: bk12.clo 2021/10/04 v1.4n Standard LaTeX file (size option)
)
\c@part=\count185
\c@chapter=\count186
\c@section=\count187
\c@subsection=\count188
\c@subsubsection=\count189
\c@paragraph=\count190
\c@subparagraph=\count191
\c@figure=\count192
\c@table=\count193
\abovecaptionskip=\skip47
\belowcaptionskip=\skip48
\bibindent=\dimen138
) (c:/texlive/2022/texmf-dist/tex/latex/tools/calc.sty
Package: calc 2017/05/25 v4.3 Infix arithmetic (KKT,FJ)
\calc@Acount=\count194
\calc@Bcount=\count195
\calc@Adimen=\dimen139
\calc@Bdimen=\dimen140
\calc@Askip=\skip49
\calc@Bskip=\skip50
LaTeX Info: Redefining \setlength on input line 80.
LaTeX Info: Redefining \addtolength on input line 81.
\calc@Ccount=\count196
\calc@Cskip=\skip51
) (c:/texlive/2022/texmf-dist/tex/latex/base/ifthen.sty
Package: ifthen 2020/11/24 v1.1c Standard LaTeX ifthen package (DPC)
) (c:/texlive/2022/texmf-dist/tex/generic/babel/babel.sty
Package: babel 2022/04/30 3.74 The Babel package
\babel@savecnt=\count197
\U@D=\dimen141
\l@unhyphenated=\language3
 (c:/texlive/2022/texmf-dist/tex/generic/babel/txtbabel.def)
\bbl@readstream=\read2
\bbl@dirlevel=\count198
 (c:/texlive/2022/texmf-dist/tex/generic/babel-english/english.ldf
Language: english 2017/06/06 v3.3r English support from the babel system
Package babel Info: Hyphen rules for 'british' set to \l@english
(babel)             (\language0). Reported on input line 82.
Package babel Info: Hyphen rules for 'UKenglish' set to \l@english
(babel)             (\language0). Reported on input line 83.
Package babel Info: Hyphen rules for 'canadian' set to \l@english
(babel)             (\language0). Reported on input line 102.
Package babel Info: Hyphen rules for 'australian' set to \l@english
(babel)             (\language0). Reported on input line 105.
Package babel Info: Hyphen rules for 'newzealand' set to \l@english
(babel)             (\language0). Reported on input line 108.
)) (./itaeng.babel) (c:/texlive/2022/texmf-dist/tex/latex/base/inputenc.sty
Package: inputenc 2021/02/14 v1.3d Input encoding file
\inpenc@prehook=\toks16
\inpenc@posthook=\toks17
 (c:/texlive/2022/texmf-dist/tex/latex/base/latin1.def
File: latin1.def 2021/02/14 v1.3d Input encoding file
)) (c:/texlive/2022/texmf-dist/tex/latex/setspace/setspace.sty
Package: setspace 2011/12/19 v6.7a set line spacing
) (c:/texlive/2022/texmf-dist/tex/latex/fancyhdr/fancyhdr.sty
Package: fancyhdr 2021/01/28 v4.0.1 Extensive control of page headers and footers
\f@nch@headwidth=\skip52
\f@nch@O@elh=\skip53
\f@nch@O@erh=\skip54
\f@nch@O@olh=\skip55
\f@nch@O@orh=\skip56
\f@nch@O@elf=\skip57
\f@nch@O@erf=\skip58
\f@nch@O@olf=\skip59
\f@nch@O@orf=\skip60
) (c:/texlive/2022/texmf-dist/tex/latex/amsfonts/amsfonts.sty
Package: amsfonts 2013/01/14 v3.01 Basic AMSFonts support
\@emptytoks=\toks18
\symAMSa=\mathgroup4
\symAMSb=\mathgroup5
LaTeX Font Info:    Redeclaring math symbol \hbar on input line 98.
LaTeX Font Info:    Overwriting math alphabet `\mathfrak' in version `bold'
(Font)                  U/euf/m/n --> U/euf/b/n on input line 106.
) (c:/texlive/2022/texmf-dist/tex/latex/lastpage/lastpage.sty
Package: lastpage 2021/09/03 v1.2n Refers to last page's name (HMM; JPG)
) (c:/texlive/2022/texmf-dist/tex/latex/tools/indentfirst.sty
Package: indentfirst 1995/11/23 v1.03 Indent first paragraph (DPC)
) (c:/texlive/2022/texmf-dist/tex/latex/caption/caption.sty
Package: caption 2022/03/01 v3.6b Customizing captions (AR)
 (c:/texlive/2022/texmf-dist/tex/latex/caption/caption3.sty
Package: caption3 2022/03/17 v2.3b caption3 kernel (AR)
 (c:/texlive/2022/texmf-dist/tex/latex/graphics/keyval.sty
Package: keyval 2014/10/28 v1.15 key=value parser (DPC)
\KV@toks@=\toks19
)
\caption@tempdima=\dimen142
\captionmargin=\dimen143
\caption@leftmargin=\dimen144
\caption@rightmargin=\dimen145
\caption@width=\dimen146
\caption@indent=\dimen147
\caption@parindent=\dimen148
\caption@hangindent=\dimen149
Package caption Info: Standard document class detected.
)
\c@caption@flags=\count199
\c@continuedfloat=\count266
) (c:/texlive/2022/texmf-dist/tex/latex/tools/longtable.sty
Package: longtable 2021-09-01 v4.17 Multi-page Table package (DPC)
\LTleft=\skip61
\LTright=\skip62
\LTpre=\skip63
\LTpost=\skip64
\LTchunksize=\count267
\LTcapwidth=\dimen150
\LT@head=\box50
\LT@firsthead=\box51
\LT@foot=\box52
\LT@lastfoot=\box53
\LT@gbox=\box54
\LT@cols=\count268
\LT@rows=\count269
\c@LT@tables=\count270
\c@LT@chunks=\count271
\LT@p@ftn=\toks20
) (c:/texlive/2022/texmf-dist/tex/latex/tools/array.sty
Package: array 2021/10/04 v2.5f Tabular extension package (FMi)
\col@sep=\dimen151
\ar@mcellbox=\box55
\extrarowheight=\dimen152
\NC@list=\toks21
\extratabsurround=\skip65
\backup@length=\skip66
\ar@cellbox=\box56
) (c:/texlive/2022/texmf-dist/tex/latex/tools/tabularx.sty
Package: tabularx 2020/01/15 v2.11c `tabularx' package (DPC)
\TX@col@width=\dimen153
\TX@old@table=\dimen154
\TX@old@col=\dimen155
\TX@target=\dimen156
\TX@delta=\dimen157
\TX@cols=\count272
\TX@ftn=\toks22
) (./makeglo.sty
Package: makeglo 
\glossentrylen=\skip67
) (c:/texlive/2022/texmf-dist/tex/latex/graphics/color.sty
Package: color 2021/12/07 v1.3c Standard LaTeX Color (DPC)
 (c:/texlive/2022/texmf-dist/tex/latex/graphics-cfg/color.cfg
File: color.cfg 2016/01/02 v1.6 sample color configuration
)
Package color Info: Driver file: pdftex.def on input line 149.
 (c:/texlive/2022/texmf-dist/tex/latex/graphics-def/pdftex.def
File: pdftex.def 2020/10/05 v1.2a Graphics/color driver for pdftex
)) (c:/texlive/2022/texmf-dist/tex/latex/hyphenat/hyphenat.sty
Package: hyphenat 2009/09/02 v2.3c hyphenation utilities
\langwohyphens=\language4
LaTeX Info: Redefining \_ on input line 43.
) (c:/texlive/2022/texmf-dist/tex/latex/base/makeidx.sty
Package: makeidx 2021/10/04 v1.0m Standard LaTeX package
) (c:/texlive/2022/texmf-dist/tex/latex/hyperref/hyperref.sty
Package: hyperref 2022-02-21 v7.00n Hypertext links for LaTeX
 (c:/texlive/2022/texmf-dist/tex/generic/ltxcmds/ltxcmds.sty
Package: ltxcmds 2020-05-10 v1.25 LaTeX kernel commands for general use (HO)
) (c:/texlive/2022/texmf-dist/tex/generic/pdftexcmds/pdftexcmds.sty
Package: pdftexcmds 2020-06-27 v0.33 Utility functions of pdfTeX for LuaTeX (HO)
 (c:/texlive/2022/texmf-dist/tex/generic/infwarerr/infwarerr.sty
Package: infwarerr 2019/12/03 v1.5 Providing info/warning/error messages (HO)
)
Package pdftexcmds Info: \pdf@primitive is available.
Package pdftexcmds Info: \pdf@ifprimitive is available.
Package pdftexcmds Info: \pdfdraftmode found.
) (c:/texlive/2022/texmf-dist/tex/generic/kvsetkeys/kvsetkeys.sty
Package: kvsetkeys 2019/12/15 v1.18 Key value parser (HO)
) (c:/texlive/2022/texmf-dist/tex/generic/kvdefinekeys/kvdefinekeys.sty
Package: kvdefinekeys 2019-12-19 v1.6 Define keys (HO)
) (c:/texlive/2022/texmf-dist/tex/generic/pdfescape/pdfescape.sty
Package: pdfescape 2019/12/09 v1.15 Implements pdfTeX's escape features (HO)
) (c:/texlive/2022/texmf-dist/tex/latex/hycolor/hycolor.sty
Package: hycolor 2020-01-27 v1.10 Color options for hyperref/bookmark (HO)
) (c:/texlive/2022/texmf-dist/tex/latex/letltxmacro/letltxmacro.sty
Package: letltxmacro 2019/12/03 v1.6 Let assignment for LaTeX macros (HO)
) (c:/texlive/2022/texmf-dist/tex/latex/auxhook/auxhook.sty
Package: auxhook 2019-12-17 v1.6 Hooks for auxiliary files (HO)
) (c:/texlive/2022/texmf-dist/tex/latex/kvoptions/kvoptions.sty
Package: kvoptions 2020-10-07 v3.14 Key value format for package options (HO)
)
\@linkdim=\dimen158
\Hy@linkcounter=\count273
\Hy@pagecounter=\count274
 (c:/texlive/2022/texmf-dist/tex/latex/hyperref/pd1enc.def
File: pd1enc.def 2022-02-21 v7.00n Hyperref: PDFDocEncoding definition (HO)
Now handling font encoding PD1 ...
... no UTF-8 mapping file for font encoding PD1
) (c:/texlive/2022/texmf-dist/tex/generic/intcalc/intcalc.sty
Package: intcalc 2019/12/15 v1.3 Expandable calculations with integers (HO)
) (c:/texlive/2022/texmf-dist/tex/generic/etexcmds/etexcmds.sty
Package: etexcmds 2019/12/15 v1.7 Avoid name clashes with e-TeX commands (HO)
)
\Hy@SavedSpaceFactor=\count275
 (c:/texlive/2022/texmf-dist/tex/latex/hyperref/puenc.def
File: puenc.def 2022-02-21 v7.00n Hyperref: PDF Unicode definition (HO)
Now handling font encoding PU ...
... no UTF-8 mapping file for font encoding PU
)
Package hyperref Info: Option `debug' set `true' on input line 4018.


Package hyperref Warning: Option `a4paper' is no longer used.

Package hyperref Info: Option `breaklinks' set `true' on input line 4018.
Package hyperref Info: Option `bookmarksopen' set `true' on input line 4018.
Package hyperref Info: Option `colorlinks' set `true' on input line 4018.
Package hyperref Info: Option `bookmarksnumbered' set `true' on input line 4018.
Package hyperref Info: Option `hyperindex' set `true' on input line 4018.
Package hyperref Info: Option `verbose' set `true' on input line 4018.
Package hyperref Info: Hyper figures OFF on input line 4137.
Package hyperref Info: Link nesting OFF on input line 4142.
Package hyperref Info: Hyper index ON on input line 4145.
Package hyperref Info: Plain pages OFF on input line 4152.
Package hyperref Info: Backreferencing ON on input line 4155.
Package hyperref Info: Implicit mode ON; LaTeX internals redefined.
Package hyperref Info: Bookmarks ON on input line 4390.
(c:/texlive/2022/texmf-dist/tex/latex/hyperref/backref.sty
Package: backref 2021/02/04 v1.41 Bibliographical back referencing
 (c:/texlive/2022/texmf-dist/tex/latex/rerunfilecheck/rerunfilecheck.sty
Package: rerunfilecheck 2019/12/05 v1.9 Rerun checks for auxiliary files (HO)
 (c:/texlive/2022/texmf-dist/tex/latex/base/atveryend-ltx.sty
Package: atveryend-ltx 2020/08/19 v1.0a Emulation of the original atveryend package
with kernel methods
) (c:/texlive/2022/texmf-dist/tex/generic/uniquecounter/uniquecounter.sty
Package: uniquecounter 2019/12/15 v1.4 Provide unlimited unique counter (HO)
 (c:/texlive/2022/texmf-dist/tex/generic/bigintcalc/bigintcalc.sty
Package: bigintcalc 2019/12/15 v1.5 Expandable calculations on big integers (HO)
))
Package uniquecounter Info: New unique counter `rerunfilecheck' on input line 286.
))
\c@Hy@tempcnt=\count276
 (c:/texlive/2022/texmf-dist/tex/latex/url/url.sty
\Urlmuskip=\muskip16
Package: url 2013/09/16  ver 3.4  Verb mode for urls, etc.
)
LaTeX Info: Redefining \url on input line 4749.
\XeTeXLinkMargin=\dimen159
 (c:/texlive/2022/texmf-dist/tex/generic/bitset/bitset.sty
Package: bitset 2019/12/09 v1.3 Handle bit-vector datatype (HO)
)
\Fld@menulength=\count277
\Field@Width=\dimen160
\Fld@charsize=\dimen161
Package hyperref Info: Hyper figures OFF on input line 6027.
Package hyperref Info: Link nesting OFF on input line 6032.
Package hyperref Info: Hyper index ON on input line 6035.
Package hyperref Info: backreferencing ON on input line 6040.
Package hyperref Info: Link coloring ON on input line 6045.
Package hyperref Info: Link coloring with OCG OFF on input line 6052.
Package hyperref Info: PDF/A mode OFF on input line 6057.
LaTeX Info: Redefining \ref on input line 6097.
LaTeX Info: Redefining \pageref on input line 6101.
 (c:/texlive/2022/texmf-dist/tex/latex/base/atbegshi-ltx.sty
Package: atbegshi-ltx 2021/01/10 v1.0c Emulation of the original atbegshi
package with kernel methods
)
\Hy@abspage=\count278
\c@Item=\count279
\c@Hfootnote=\count280
)
Package hyperref Info: Driver (autodetected): hpdftex.
 (c:/texlive/2022/texmf-dist/tex/latex/hyperref/hpdftex.def
File: hpdftex.def 2022-02-21 v7.00n Hyperref driver for pdfTeX
\Fld@listcount=\count281
\c@bookmark@seq@number=\count282
\Hy@SectionHShift=\skip68
) (c:/texlive/2022/texmf-dist/tex/latex/ae/ae.sty
Package: ae 2001/02/12 1.3 Almost European Computer Modern
 (c:/texlive/2022/texmf-dist/tex/latex/base/fontenc.sty
Package: fontenc 2021/04/29 v2.0v Standard LaTeX package
)) (c:/texlive/2022/texmf-dist/tex/latex/graphics/graphicx.sty
Package: graphicx 2021/09/16 v1.2d Enhanced LaTeX Graphics (DPC,SPQR)
 (c:/texlive/2022/texmf-dist/tex/latex/graphics/graphics.sty
Package: graphics 2021/03/04 v1.4d Standard LaTeX Graphics (DPC,SPQR)
 (c:/texlive/2022/texmf-dist/tex/latex/graphics/trig.sty
Package: trig 2021/08/11 v1.11 sin cos tan (DPC)
) (c:/texlive/2022/texmf-dist/tex/latex/graphics-cfg/graphics.cfg
File: graphics.cfg 2016/06/04 v1.11 sample graphics configuration
)
Package graphics Info: Driver file: pdftex.def on input line 107.
)
\Gin@req@height=\dimen162
\Gin@req@width=\dimen163
) (c:/texlive/2022/texmf-dist/tex/latex/geometry/geometry.sty
Package: geometry 2020/01/02 v5.9 Page Geometry
 (c:/texlive/2022/texmf-dist/tex/generic/iftex/ifvtex.sty
Package: ifvtex 2019/10/25 v1.7 ifvtex legacy package. Use iftex instead.
)
\Gm@cnth=\count283
\Gm@cntv=\count284
\c@Gm@tempcnt=\count285
\Gm@bindingoffset=\dimen164
\Gm@wd@mp=\dimen165
\Gm@odd@mp=\dimen166
\Gm@even@mp=\dimen167
\Gm@layoutwidth=\dimen168
\Gm@layoutheight=\dimen169
\Gm@layouthoffset=\dimen170
\Gm@layoutvoffset=\dimen171
\Gm@dimlist=\toks23
) (./abntcite.sty (./cvs-id.def)
Package: abntcite 2003/10/13 v1.26 Chamadas de referencias no texto (NBR10520)
 (./abntex-abrev.sty (./cvs-id.def)
Package: abntex-abrev 2003/10/13 v1.3 Abreviacoes
 (./nbr10522-1988.def (./cvs-id.def)
File: nbr10522-1988.def 2003/10/13 v1.2 Abreviacoes bibliograficas (NBR10522:1988)
) (./abntex-abrev-pt_BR.def (./cvs-id.def)
File: abntex-abrev-pt_BR.def 2003/10/13 v1.2 definicao de abntex-abrev, traducao de termos en_US/pt_BR
)) (./nbr10520-2002.def (./cvs-id.def)
File: nbr10520-2002.def 2003/10/13 v1.2 Definicoes para abntcite (NBR10520:2002)
)
\minimumbiblabelwidth=\skip69
\ABCIauxlen=\skip70
\c@ABCIaux=\count286
\c@ABCImax=\count287
\biblabelsep=\skip71
LaTeX Info: Redefining \newblock on input line 562.
LaTeX Info: Redefining \cite on input line 589.
\ABCItoken=\toks24
)
\c@mecounter=\count288
\c@kwcipcounter=\count289
\nohyphen=\language5
) (c:/texlive/2022/texmf-dist/tex/latex/graphics/epsfig.sty
Package: epsfig 2017/06/25 v1.7b (e)psfig emulation (SPQR)
\epsfxsize=\dimen172
\epsfysize=\dimen173
) (c:/texlive/2022/texmf-dist/tex/latex/amsmath/amsmath.sty
Package: amsmath 2021/10/15 v2.17l AMS math features
\@mathmargin=\skip72

For additional information on amsmath, use the `?' option.
(c:/texlive/2022/texmf-dist/tex/latex/amsmath/amstext.sty
Package: amstext 2021/08/26 v2.01 AMS text
 (c:/texlive/2022/texmf-dist/tex/latex/amsmath/amsgen.sty
File: amsgen.sty 1999/11/30 v2.0 generic functions
\@emptytoks=\toks25
\ex@=\dimen174
)) (c:/texlive/2022/texmf-dist/tex/latex/amsmath/amsbsy.sty
Package: amsbsy 1999/11/29 v1.2d Bold Symbols
\pmbraise@=\dimen175
) (c:/texlive/2022/texmf-dist/tex/latex/amsmath/amsopn.sty
Package: amsopn 2021/08/26 v2.02 operator names
)
\inf@bad=\count290
LaTeX Info: Redefining \frac on input line 234.
\uproot@=\count291
\leftroot@=\count292
LaTeX Info: Redefining \overline on input line 399.
\classnum@=\count293
\DOTSCASE@=\count294
LaTeX Info: Redefining \ldots on input line 496.
LaTeX Info: Redefining \dots on input line 499.
LaTeX Info: Redefining \cdots on input line 620.
\Mathstrutbox@=\box57
\strutbox@=\box58
\big@size=\dimen176
LaTeX Font Info:    Redeclaring font encoding OML on input line 743.
LaTeX Font Info:    Redeclaring font encoding OMS on input line 744.
\macc@depth=\count295
\c@MaxMatrixCols=\count296
\dotsspace@=\muskip17
\c@parentequation=\count297
\dspbrk@lvl=\count298
\tag@help=\toks26
\row@=\count299
\column@=\count300
\maxfields@=\count301
\andhelp@=\toks27
\eqnshift@=\dimen177
\alignsep@=\dimen178
\tagshift@=\dimen179
\tagwidth@=\dimen180
\totwidth@=\dimen181
\lineht@=\dimen182
\@envbody=\toks28
\multlinegap=\skip73
\multlinetaggap=\skip74
\mathdisplay@stack=\toks29
LaTeX Info: Redefining \[ on input line 2938.
LaTeX Info: Redefining \] on input line 2939.
) (c:/texlive/2022/texmf-dist/tex/latex/amsfonts/amssymb.sty
Package: amssymb 2013/01/14 v3.01 AMS font symbols
) (c:/texlive/2022/texmf-dist/tex/latex/subfig/subfig.sty
Package: subfig 2005/06/28 ver: 1.3 subfig package
\c@KVtest=\count302
\sf@farskip=\skip75
\sf@captopadj=\dimen183
\sf@capskip=\skip76
\sf@nearskip=\skip77
\c@subfigure=\count303
\c@subfigure@save=\count304
\c@lofdepth=\count305
\c@subtable=\count306
\c@subtable@save=\count307
\c@lotdepth=\count308
\sf@top=\skip78
\sf@bottom=\skip79
) (c:/texlive/2022/texmf-dist/tex/latex/multirow/multirow.sty
Package: multirow 2021/03/15 v2.8 Span multiple rows of a table
\multirow@colwidth=\skip80
\multirow@cntb=\count309
\multirow@dima=\skip81
\bigstrutjot=\dimen184
) (c:/texlive/2022/texmf-dist/tex/latex/float/float.sty
Package: float 2001/11/08 v1.3d Float enhancements (AL)
\c@float@type=\count310
\float@exts=\toks30
\float@box=\box59
\@float@everytoks=\toks31
\@floatcapt=\box60
) (c:/texlive/2022/texmf-dist/tex/generic/dirtree/dirtree.sty
Package: dirtree 2012/12/11 v0.32 package wrapper for dirtree
 (c:/texlive/2022/texmf-dist/tex/generic/dirtree/dirtree.tex `dirtree' v0.32, 2012/12/11 (jcc)
\DT@offset=\dimen185
\DT@width=\dimen186
\DT@sep=\dimen187
\DT@all=\dimen188
\DT@rulewidth=\dimen189
\DT@dotwidth=\dimen190
\DTbaselineskip=\dimen191
\DT@counti=\count311
\DT@countii=\count312
\DT@countiii=\count313
\DT@countiv=\count314
\DT@indent=\dimen192
\DT@parskip=\dimen193
\DT@baselineskip=\dimen194
)
File: dirtree.tex 2012/12/11 v0.32 `dirtree' (jcc)
) (c:/texlive/2022/texmf-dist/tex/latex/picture/picture.sty
Package: picture 2020-04-22 v1.6 Dimens for picture macros (HO)
Package picture Info: Calculation method: calc.
) (c:/texlive/2022/texmf-dist/tex/latex/tools/bm.sty
Package: bm 2021/04/25 v1.2e Bold Symbol Support (DPC/FMi)
\symboldoperators=\mathgroup6
\symboldletters=\mathgroup7
\symboldsymbols=\mathgroup8
Package bm Info: No bold for \OMX/cmex/m/n, using \pmb.
Package bm Info: No bold for \U/msa/m/n, using \pmb.
Package bm Info: No bold for \U/msb/m/n, using \pmb.
LaTeX Font Info:    Redeclaring math alphabet \mathbf on input line 149.
) (c:/texlive/2022/texmf-dist/tex/latex/cancel/cancel.sty
Package: cancel 2013/04/12 v2.2 Cancel math terms
)
\@glossaryfile=\write3
\openout3 = `tese.glo'.


Writing glossary file tese.glo 
LaTeX Font Info:    Trying to load font information for T1+aer on input line 196.
(c:/texlive/2022/texmf-dist/tex/latex/ae/t1aer.fd
File: t1aer.fd 1997/11/16 Font definitions for T1/aer.
) (c:/texlive/2022/texmf-dist/tex/latex/l3backend/l3backend-pdftex.def
File: l3backend-pdftex.def 2022-04-20 L3 backend support: PDF output (pdfTeX)
\l__color_backend_stack_int=\count315
\l__pdf_internal_box=\box61
) (./tese.aux)
\openout1 = `tese.aux'.

LaTeX Font Info:    Checking defaults for OML/cmm/m/it on input line 196.
LaTeX Font Info:    ... okay on input line 196.
LaTeX Font Info:    Checking defaults for OMS/cmsy/m/n on input line 196.
LaTeX Font Info:    ... okay on input line 196.
LaTeX Font Info:    Checking defaults for OT1/cmr/m/n on input line 196.
LaTeX Font Info:    ... okay on input line 196.
LaTeX Font Info:    Checking defaults for T1/cmr/m/n on input line 196.
LaTeX Font Info:    ... okay on input line 196.
LaTeX Font Info:    Checking defaults for TS1/cmr/m/n on input line 196.
LaTeX Font Info:    ... okay on input line 196.
LaTeX Font Info:    Checking defaults for OMX/cmex/m/n on input line 196.
LaTeX Font Info:    ... okay on input line 196.
LaTeX Font Info:    Checking defaults for U/cmr/m/n on input line 196.
LaTeX Font Info:    ... okay on input line 196.
LaTeX Font Info:    Checking defaults for PD1/pdf/m/n on input line 196.
LaTeX Font Info:    ... okay on input line 196.
LaTeX Font Info:    Checking defaults for PU/pdf/m/n on input line 196.
LaTeX Font Info:    ... okay on input line 196.
Package lastpage Info: Please have a look at the pageslts package at
(lastpage)             https://www.ctan.org/pkg/pageslts
(lastpage)             ! on input line 196.
Package caption Info: Begin \AtBeginDocument code.
Package caption Info: subfig package v1.3 is loaded.
Package caption Info: float package is loaded.
Package caption Info: hyperref package is loaded.
Package caption Info: longtable package is loaded.
 (c:/texlive/2022/texmf-dist/tex/latex/caption/ltcaption.sty
Package: ltcaption 2021/01/08 v1.4c longtable captions (AR)
)
Package caption Info: End \AtBeginDocument code.
 (c:/texlive/2022/texmf-dist/tex/context/base/mkii/supp-pdf.mkii
[Loading MPS to PDF converter (version 2006.09.02).]
\scratchcounter=\count316
\scratchdimen=\dimen195
\scratchbox=\box62
\nofMPsegments=\count317
\nofMParguments=\count318
\everyMPshowfont=\toks32
\MPscratchCnt=\count319
\MPscratchDim=\dimen196
\MPnumerator=\count320
\makeMPintoPDFobject=\count321
\everyMPtoPDFconversion=\toks33
) (c:/texlive/2022/texmf-dist/tex/latex/epstopdf-pkg/epstopdf-base.sty
Package: epstopdf-base 2020-01-24 v2.11 Base part for package epstopdf
Package epstopdf-base Info: Redefining graphics rule for `.eps' on input line 485.
 (c:/texlive/2022/texmf-dist/tex/latex/latexconfig/epstopdf-sys.cfg
File: epstopdf-sys.cfg 2010/07/13 v1.3 Configuration of (r)epstopdf for TeX Live
))
Package hyperref Info: Link coloring ON on input line 196.
 (c:/texlive/2022/texmf-dist/tex/latex/hyperref/nameref.sty
Package: nameref 2021-04-02 v2.47 Cross-referencing by name of section
 (c:/texlive/2022/texmf-dist/tex/latex/refcount/refcount.sty
Package: refcount 2019/12/15 v3.6 Data extraction from label references (HO)
) (c:/texlive/2022/texmf-dist/tex/generic/gettitlestring/gettitlestring.sty
Package: gettitlestring 2019/12/15 v1.6 Cleanup title references (HO)
)
\c@section@level=\count322
)
LaTeX Info: Redefining \ref on input line 196.
LaTeX Info: Redefining \pageref on input line 196.
LaTeX Info: Redefining \nameref on input line 196.
 (./tese.out) (./tese.out)
\@outlinefile=\write4
\openout4 = `tese.out'.

Package hyperref Info: Anchor `Doc-Start' on input line 196.

*geometry* detected driver: pdftex
*geometry* verbose mode - [ preamble ] result:
* driver: pdftex
* paper: a4paper
* layout: <same size as paper>
* layoutoffset:(h,v)=(0.0pt,0.0pt)
* modes: 
* h-part:(L,W,R)=(85.35826pt, 455.24411pt, 56.9055pt)
* v-part:(T,H,B)=(85.35826pt, 702.78308pt, 56.9055pt)
* \paperwidth=597.50787pt
* \paperheight=845.04684pt
* \textwidth=455.24411pt
* \textheight=702.78308pt
* \oddsidemargin=13.08827pt
* \evensidemargin=13.08827pt
* \topmargin=-17.07156pt
* \headheight=15.93347pt
* \headsep=14.22636pt
* \topskip=12.0pt
* \footskip=35.2414pt
* \marginparwidth=38.0pt
* \marginparsep=7.0pt
* \columnsep=10.0pt
* \skip\footins=10.8pt plus 4.0pt minus 2.0pt
* \hoffset=0.0pt
* \voffset=0.0pt
* \mag=1000
* \@twocolumnfalse
* \@twosidefalse
* \@mparswitchfalse
* \@reversemarginfalse
* (1in=72.27pt=25.4mm, 1cm=28.453pt)

\c@butlastpage=\count323
Package hyperref Info: Anchor `titulo.0' on input line 198.
LaTeX Font Info:    Trying to load font information for U+msa on input line 198.
(c:/texlive/2022/texmf-dist/tex/latex/amsfonts/umsa.fd
File: umsa.fd 2013/01/14 v3.01 AMS symbols A
)
LaTeX Font Info:    Trying to load font information for U+msb on input line 198.
 (c:/texlive/2022/texmf-dist/tex/latex/amsfonts/umsb.fd
File: umsb.fd 2013/01/14 v3.01 AMS symbols B
)
Package hyperref Info: Anchor `page.i' on input line 198.
 [1



{c:/texlive/2022/texmf-var/fonts/map/pdftex/updmap/pdftex.map}]
Package hyperref Info: Anchor `cip.0' on input line 198.

Underfull \hbox (badness 10000) in paragraph at lines 198--198

 []

Package hyperref Info: Anchor `page.ii' on input line 198.
[2]
Package hyperref Info: Anchor `aprovacao.0' on input line 198.
Package hyperref Info: Anchor `page.iii' on input line 198.
 [3]
Package hyperref Info: Anchor `dedication.0' on input line 201.

Underfull \hbox (badness 4660) in paragraph at lines 202--203
[]\T1/aer/m/n/12 Aos ami-gos da Grad-u-açăo e Pós-
 []

Package hyperref Info: Anchor `page.iv' on input line 203.
[4]
Package hyperref Info: Anchor `chapter*.1' on input line 207.
Package hyperref Info: Anchor `acknowledgment.0' on input line 207.
 (./Cap0/agradecimentos.tex)
Package hyperref Info: Anchor `page.v' on input line 208.
 [5

]
Package hyperref Info: Anchor `epigrafe.0' on input line 212.
LaTeX Font Info:    Trying to load font information for T1+aess on input line 216.
 (c:/texlive/2022/texmf-dist/tex/latex/ae/t1aess.fd
File: t1aess.fd 1997/11/16 Font definitions for T1/aess.
)
LaTeX Font Info:    Font shape `T1/aess/m/it' in size <12> not available
(Font)              Font shape `T1/aess/m/sl' tried instead on input line 216.
Package hyperref Info: Anchor `page.vi' on input line 223.
 [6]
Package hyperref Info: Anchor `chapter*.2' on input line 223.
Package hyperref Info: Anchor `resumo.0' on input line 223.
 (./Cap0/resumo.tex)
Package hyperref Info: Anchor `page.vii' on input line 229.
 [7

]
Package hyperref Info: Anchor `chapter*.3' on input line 229.
Package hyperref Info: Anchor `abstract.0' on input line 229.
 (./Cap0/abstract.tex)
Package hyperref Info: Anchor `page.viii' on input line 235.
 [8

]
Package hyperref Info: Anchor `chapter*.4' on input line 235.
Package hyperref Info: Anchor `listafiguras.0' on input line 235.
 (./tese.lof
Package hyperref Info: Reference (link) `figure.caption.9' on input line 5.
)
\tf@lof=\write5
\openout5 = `tese.lof'.

Package hyperref Info: Anchor `page.ix' on input line 238.
 [9

Package `hyperref' Info: End of reference (link) `figure.caption.9', line 5.
]
Package hyperref Info: Anchor `chapter*.5' on input line 238.
Package hyperref Info: Anchor `listatabelas.0' on input line 238.
 (./tese.lot)
\tf@lot=\write6
\openout6 = `tese.lot'.

Package hyperref Info: Anchor `page.x' on input line 241.
 [10

]
Package hyperref Info: Anchor `chapter*.6' on input line 241.
Package hyperref Info: Anchor `listaabreviaturas.0' on input line 241.
 (./tese.lof)
\tf@lof=\write7
\openout7 = `tese.lof'.

 (./Cap0/listaabreviaturas.tex
Package hyperref Info: Anchor `table.0.1' on input line 15.
)
Package hyperref Info: Anchor `page.xi' on input line 245.
 [11

]
Package hyperref Info: Anchor `chapter*.7' on input line 245.
Package hyperref Info: Anchor `listasimbolos.0' on input line 245.
 (./tese.lof)
\tf@lof=\write8
\openout8 = `tese.lof'.

 (./Cap0/listasimbolos.tex
Package hyperref Info: Anchor `table.0.2' on input line 9.
)
Package hyperref Info: Anchor `page.xii' on input line 249.
 [12

]
Package hyperref Info: Anchor `chapter*.8' on input line 249.
Package hyperref Info: Anchor `contents.0' on input line 249.
 (./tese.toc
Underfull \hbox (badness 10000) in paragraph at lines 2--2
 []  
 []

Package hyperref Info: Reference (link) `chapter.1' on input line 2.
Package hyperref Info: Reference (link) `section.1.1' on input line 3.
Package hyperref Info: Reference (link) `section.1.2' on input line 4.
Package hyperref Info: Reference (link) `section.1.3' on input line 5.

Underfull \hbox (badness 10000) in paragraph at lines 6--6
 []  
 []

Package hyperref Info: Reference (link) `chapter.2' on input line 6.
Package hyperref Info: Reference (link) `section.2.1' on input line 7.
Package hyperref Info: Reference (link) `section.2.2' on input line 8.
Package hyperref Info: Reference (link) `section.2.3' on input line 9.
Package hyperref Info: Reference (link) `section.2.4' on input line 10.
Package hyperref Info: Reference (link) `subsection.2.4.1' on input line 11.
Package hyperref Info: Reference (link) `subsection.2.4.2' on input line 12.

Underfull \hbox (badness 10000) in paragraph at lines 13--13
 []  
 []

Package hyperref Info: Reference (link) `chapter.3' on input line 13.
Package hyperref Info: Reference (link) `section.3.1' on input line 14.
Package hyperref Info: Reference (link) `section.3.2' on input line 15.
Package hyperref Info: Reference (link) `section.3.3' on input line 16.
Package hyperref Info: Reference (link) `subsection.3.3.1' on input line 17.
Package hyperref Info: Reference (link) `subsection.3.3.2' on input line 18.
Package hyperref Info: Reference (link) `subsection.3.3.3' on input line 19.
Package hyperref Info: Reference (link) `subsection.3.3.4' on input line 20.
Package hyperref Info: Reference (link) `section.3.4' on input line 21.
Package hyperref Info: Reference (link) `subsection.3.4.1' on input line 22.
Package hyperref Info: Reference (link) `subsection.3.4.2' on input line 23.
Package hyperref Info: Anchor `page.xiii' on input line 24.
[13

Package `hyperref' Info: End of reference (link) `chapter.1', line 2.
Package `hyperref' Info: End of reference (link) `section.1.1', line 3.
Package `hyperref' Info: End of reference (link) `section.1.2', line 4.
Package `hyperref' Info: End of reference (link) `section.1.3', line 5.
Package `hyperref' Info: End of reference (link) `chapter.2', line 6.
Package `hyperref' Info: End of reference (link) `section.2.1', line 7.
Package `hyperref' Info: End of reference (link) `section.2.2', line 8.
Package `hyperref' Info: End of reference (link) `section.2.3', line 9.
Package `hyperref' Info: End of reference (link) `section.2.4', line 10.
Package `hyperref' Info: End of reference (link) `subsection.2.4.1', line 11.
Package `hyperref' Info: End of reference (link) `subsection.2.4.2', line 12.
Package `hyperref' Info: End of reference (link) `chapter.3', line 13.
Package `hyperref' Info: End of reference (link) `section.3.1', line 14.
Package `hyperref' Info: End of reference (link) `section.3.2', line 15.
Package `hyperref' Info: End of reference (link) `section.3.3', line 16.
Package `hyperref' Info: End of reference (link) `subsection.3.3.1', line 17.
Package `hyperref' Info: End of reference (link) `subsection.3.3.2', line 18.
Package `hyperref' Info: End of reference (link) `subsection.3.3.3', line 19.
Package `hyperref' Info: End of reference (link) `subsection.3.3.4', line 20.
Package `hyperref' Info: End of reference (link) `section.3.4', line 21.
Package `hyperref' Info: End of reference (link) `subsection.3.4.1', line 22.
]
Package hyperref Info: Reference (link) `subsection.3.4.3' on input line 24.

Underfull \hbox (badness 10000) in paragraph at lines 25--25
 []  
 []

Package hyperref Info: Reference (link) `chapter.4' on input line 25.

Underfull \hbox (badness 10000) in paragraph at lines 26--26
 []  
 []

Package hyperref Info: Reference (link) `chapter.5' on input line 26.

Underfull \hbox (badness 10000) in paragraph at lines 28--28
 []  
 []

Package hyperref Info: Reference (link) `appendix.A' on input line 28.
Package hyperref Info: Reference (link) `section.A.1' on input line 29.
Package hyperref Info: Reference (link) `subsection.A.1.1' on input line 30.
Package hyperref Info: Reference (link) `subsection.A.1.2' on input line 31.

Underfull \hbox (badness 10000) in paragraph at lines 33--33
 []  
 []

Package hyperref Info: Reference (link) `annex.a' on input line 33.
Package hyperref Info: Reference (link) `section.a.1' on input line 34.
)
\tf@toc=\write9
\openout9 = `tese.toc'.

Package hyperref Info: Anchor `page.xiv' on input line 251.
 [14
Package `hyperref' Info: End of reference (link) `subsection.3.4.2', line 23.
Package `hyperref' Info: End of reference (link) `subsection.3.4.3', line 24.
Package `hyperref' Info: End of reference (link) `chapter.4', line 25.
Package `hyperref' Info: End of reference (link) `chapter.5', line 26.
Package `hyperref' Info: End of reference (link) `appendix.A', line 28.
Package `hyperref' Info: End of reference (link) `section.A.1', line 29.
Package `hyperref' Info: End of reference (link) `subsection.A.1.1', line 30.
Package `hyperref' Info: End of reference (link) `subsection.A.1.2', line 31.
Package `hyperref' Info: End of reference (link) `annex.a', line 33.
Package `hyperref' Info: End of reference (link) `section.a.1', line 34.
]
Package hyperref Info: Anchor `chapter.1' on input line 254.

Chapter 1.
pdftex: bookmark at 254: {1} {\numberline{1}Introduction} {chapter.1}{0}{toc}
(./Cap1/cap1.tex
Package hyperref Info: Anchor `section.1.1' on input line 1.

pdftex: bookmark at 1: {1.1} {\numberline{1.1}Motivation} {section.1.1}{1}{toc}
Package hyperref Info: Reference (cite) `cite.reference_biochemical_reaction' on input line 20.
Package hyperref Info: Reference (cite) `cite.reference_biochemical_reaction' on input line 20.
Package hyperref Info: Reference (cite) `cite.reference_urban_traffic_control' on input line 21.
Package hyperref Info: Reference (cite) `cite.reference_urban_traffic_control' on input line 21.
Package hyperref Info: Reference (cite) `cite.benmiloud2018' on input line 22.
Package hyperref Info: Reference (cite) `cite.benmiloud2018' on input line 22.
Package hyperref Info: Reference (cite) `cite.marcio2013' on input line 27.
Package hyperref Info: Reference (cite) `cite.marcio2013' on input line 27.
Package hyperref Info: Reference (cite) `cite.patino2010predictive' on input line 31.
Package hyperref Info: Reference (cite) `cite.patino2010predictive' on input line 31.
Package hyperref Info: Reference (cite) `cite.matheus2018' on input line 34.
Package hyperref Info: Reference (cite) `cite.matheus2018' on input line 34.
Package hyperref Info: Anchor `page.15' on input line 38.
[15


Package `hyperref' Info: End of reference (cite) `cite.reference_biochemical_reaction', line 20.
Package `hyperref' Info: End of reference (cite) `cite.reference_biochemical_reaction', line 20.
Package `hyperref' Info: End of reference (cite) `cite.reference_urban_traffic_control', line 21.
Package `hyperref' Info: End of reference (cite) `cite.reference_urban_traffic_control', line 21.
Package `hyperref' Info: End of reference (cite) `cite.benmiloud2018', line 22.
Package `hyperref' Info: End of reference (cite) `cite.benmiloud2018', line 22.
Package `hyperref' Info: End of reference (cite) `cite.marcio2013', line 27.
Package `hyperref' Info: End of reference (cite) `cite.marcio2013', line 27.
Package `hyperref' Info: End of reference (cite) `cite.patino2010predictive', line 31.
Package `hyperref' Info: End of reference (cite) `cite.patino2010predictive', line 31.
Package `hyperref' Info: End of reference (cite) `cite.matheus2018', line 34.
Package `hyperref' Info: End of reference (cite) `cite.matheus2018', line 34.
]
Package hyperref Info: Anchor `section.1.2' on input line 39.

pdftex: bookmark at 39: {1.2} {\numberline{1.2}Contributions of the present work} {section.1.2}{1}{toc}
Package hyperref Info: Reference (cite) `cite.matheus2018' on input line 50.
Package hyperref Info: Reference (cite) `cite.matheus2018' on input line 50.
Package hyperref Info: Anchor `section.1.3' on input line 53.
pdftex: bookmark at 53: {1.3} {\numberline{1.3}Outline of the remaining chapters} {section.1.3}{1}{toc}
)
Package hyperref Info: Anchor `page.16' on input line 257.
 [16
Package `hyperref' Info: End of reference (cite) `cite.matheus2018', line 50.
Package `hyperref' Info: End of reference (cite) `cite.matheus2018', line 50.
]
Package hyperref Info: Anchor `chapter.2' on input line 257.

Chapter 2.
pdftex: bookmark at 257: {2} {\numberline{2}Determination of Target Periodic Trajectories} {chapter.2}{0}{toc}
(./Cap2/cap2.tex
Package hyperref Info: Anchor `equation.2.0.1' on input line 6.
Package hyperref Info: Anchor `equation.2.0.1' on input line 6.
Package hyperref Info: Anchor `equation.2.0.1' on input line 6.
Package hyperref Info: Anchor `equation.2.0.1' on input line 6.
LaTeX Font Info:    Trying to load font information for TS1+aer on input line 22.
LaTeX Font Info:    No file TS1aer.fd. on input line 22.


LaTeX Font Warning: Font shape `TS1/aer/m/n' undefined
(Font)              using `TS1/cmr/m/n' instead
(Font)              for symbol `textbullet' on input line 22.

Package hyperref Info: Anchor `equation.2.0.2' on input line 47.
Package hyperref Info: Anchor `equation.2.0.2' on input line 47.
Package hyperref Info: Anchor `equation.2.0.2' on input line 47.
Package hyperref Info: Anchor `equation.2.0.2' on input line 47.
Package hyperref Info: Anchor `equation.2.0.3' on input line 51.
Package hyperref Info: Anchor `equation.2.0.3' on input line 51.
Package hyperref Info: Anchor `equation.2.0.3' on input line 51.
Package hyperref Info: Anchor `equation.2.0.3' on input line 51.
Package hyperref Info: Anchor `page.17' on input line 53.
[17

]
Package hyperref Info: Anchor `section.2.1' on input line 71.

pdftex: bookmark at 71: {2.1} {\numberline{2.1}Statement of the problem} {section.2.1}{1}{toc}
Package hyperref Info: Anchor `section.2.2' on input line 73.
pdftex: bookmark at 73: {2.2} {\numberline{2.2}Optimization} {section.2.2}{1}{toc}
Package hyperref Info: Anchor `section.2.3' on input line 77.

Package hyperref Warning: Token not allowed in a PDF string (Unicode):
(hyperref)                removing `math shift' on input line 77.


Package hyperref Warning: Token not allowed in a PDF string (Unicode):
(hyperref)                removing `subscript' on input line 77.


Package hyperref Warning: Token not allowed in a PDF string (Unicode):
(hyperref)                removing `math shift' on input line 77.

pdftex: bookmark at 77: {2.3} {\numberline{2.3}Calculating $x_r$} {section.2.3}{1}{toc}
(./Cap2/cap2_otim_get_x0.tex
Package hyperref Info: Anchor `equation.2.3.4' on input line 3.
Package hyperref Info: Anchor `equation.2.3.4' on input line 3.
Package hyperref Info: Anchor `equation.2.3.4' on input line 3.
Package hyperref Info: Anchor `equation.2.3.4' on input line 3.
Package hyperref Info: Anchor `equation.2.3.5' on input line 13.
Package hyperref Info: Anchor `equation.2.3.6' on input line 21.
Package hyperref Info: Anchor `page.18' on input line 21.
 [18]
Package hyperref Info: Anchor `equation.2.3.7' on input line 28.
Package hyperref Info: Anchor `equation.2.3.8' on input line 28.
Package hyperref Info: Anchor `equation.2.3.9' on input line 28.
Package hyperref Info: Anchor `equation.2.3.10' on input line 39.
Package hyperref Info: Anchor `equation.2.3.11' on input line 47.
Package hyperref Info: Anchor `equation.2.3.12' on input line 50.
Package hyperref Info: Anchor `equation.2.3.12' on input line 50.
Package hyperref Info: Anchor `equation.2.3.12' on input line 50.
Package hyperref Info: Anchor `equation.2.3.12' on input line 50.
)
Package hyperref Info: Anchor `section.2.4' on input line 81.

pdftex: bookmark at 81: {2.4} {\numberline{2.4}Application Examples} {section.2.4}{1}{toc}
Package hyperref Info: Anchor `subsection.2.4.1' on input line 83.
pdftex: bookmark at 83: {2.4.1} {\numberline{2.4.1}Variant Dynamic Circuit 1} {subsection.2.4.1}{2}{toc}
Package hyperref Info: Anchor `subsection.2.4.2' on input line 85.
pdftex: bookmark at 85: {2.4.2} {\numberline{2.4.2}Variant Dynamic Circuit 2} {subsection.2.4.2}{2}{toc}
)
Package hyperref Info: Anchor `page.19' on input line 260.
 [19]
Package hyperref Info: Anchor `page.20' on input line 260.
 [20]
Package hyperref Info: Anchor `chapter.3' on input line 260.

Chapter 3.
pdftex: bookmark at 260: {3} {\numberline{3}Predictive Control for Stabilization of Periodic Trajectories} {chapter.3}{0}{toc}
(./Cap3/cap3.tex
Package hyperref Info: Anchor `section.3.1' on input line 1.

pdftex: bookmark at 1: {3.1} {\numberline{3.1}Statement of the problem} {section.3.1}{1}{toc}
Package hyperref Info: Anchor `equation.3.1.1' on input line 5.
Package hyperref Info: Anchor `equation.3.1.1' on input line 5.
Package hyperref Info: Anchor `equation.3.1.1' on input line 5.
Package hyperref Info: Anchor `equation.3.1.1' on input line 5.
Package hyperref Info: Anchor `equation.3.1.2' on input line 20.
Package hyperref Info: Anchor `equation.3.1.2' on input line 20.
Package hyperref Info: Anchor `equation.3.1.2' on input line 20.
Package hyperref Info: Anchor `equation.3.1.2' on input line 20.
Package hyperref Info: Anchor `equation.3.1.3' on input line 28.
Package hyperref Info: Anchor `equation.3.1.3' on input line 28.
Package hyperref Info: Anchor `equation.3.1.3' on input line 28.
Package hyperref Info: Anchor `equation.3.1.3' on input line 28.
Package hyperref Info: Anchor `equation.3.1.4' on input line 32.
Package hyperref Info: Anchor `equation.3.1.4' on input line 32.
Package hyperref Info: Anchor `equation.3.1.4' on input line 32.
Package hyperref Info: Anchor `equation.3.1.4' on input line 32.

LaTeX Font Warning: Command \boldmath invalid in math mode on input line 33.


LaTeX Font Warning: Command \mathversion invalid in math mode on input line 33.

Package hyperref Info: Anchor `page.21' on input line 39.
[21

]
Package hyperref Info: Anchor `equation.3.1.5' on input line 41.
Package hyperref Info: Anchor `equation.3.1.5' on input line 41.
Package hyperref Info: Anchor `equation.3.1.5' on input line 41.
Package hyperref Info: Anchor `equation.3.1.5' on input line 41.


LaTeX Font Warning: Command \boldmath invalid in math mode on input line 42.


LaTeX Font Warning: Command \mathversion invalid in math mode on input line 42.

Package hyperref Info: Anchor `equation.3.1.6' on input line 50.
Package hyperref Info: Anchor `equation.3.1.6' on input line 50.
Package hyperref Info: Anchor `equation.3.1.6' on input line 50.
Package hyperref Info: Anchor `equation.3.1.6' on input line 50.

LaTeX Font Warning: Command \boldmath invalid in math mode on input line 51.


LaTeX Font Warning: Command \mathversion invalid in math mode on input line 51.

Package hyperref Info: Anchor `equation.3.1.7' on input line 59.
Package hyperref Info: Anchor `equation.3.1.7' on input line 59.
Package hyperref Info: Anchor `equation.3.1.7' on input line 59.
Package hyperref Info: Anchor `equation.3.1.7' on input line 59.

LaTeX Font Warning: Command \boldmath invalid in math mode on input line 69.


LaTeX Font Warning: Command \mathversion invalid in math mode on input line 69.

Package hyperref Info: Anchor `equation.3.1.8' on input line 71.
Package hyperref Info: Anchor `equation.3.1.8' on input line 71.
Package hyperref Info: Anchor `equation.3.1.8' on input line 71.
Package hyperref Info: Anchor `equation.3.1.8' on input line 71.
Package hyperref Info: Anchor `equation.3.1.9' on input line 82.
Package hyperref Info: Anchor `equation.3.1.9' on input line 82.
Package hyperref Info: Anchor `equation.3.1.9' on input line 82.
Package hyperref Info: Anchor `equation.3.1.9' on input line 82.

Overfull \hbox (12.82593pt too wide) in paragraph at lines 86--87
[]\T1/aer/m/n/12 where $\OML/cmm/b/it/12 Q \OT1/cmr/m/n/12 = \OML/cmm/b/it/12 Q[] \OML/cmm/m/it/12 > \OT1/cmr/m/n/12 0$ \T1/aer/m/n/12 is an $\OML/cmm/m/it/12 nNxnN$ \T1/aer/m/n/12 block-diagonal ma-trix de-fined as $\OML/cmm/b/it/12 Q \OT1/cmr/m/n/12 = \OML/cmm/m/it/12 diag\OT1/cmr/m/n/12 (\OML/cmm/m/it/12 Q; Q; :::; Q\OT1/cmr/m/n/12 )$\T1/aer/m/n/12 . 
 []


Package fancyhdr Warning: \headheight is too small (15.93347pt): 
(fancyhdr)                Make it at least 27.11194pt, for example:
(fancyhdr)                \setlength{\headheight}{27.11194pt}.
(fancyhdr)                You might also make \topmargin smaller to compensate:
(fancyhdr)                \addtolength{\topmargin}{-11.17847pt}.

Package hyperref Info: Anchor `page.22' on input line 97.
[22]
Package hyperref Info: Anchor `section.3.2' on input line 139.

pdftex: bookmark at 139: {3.2} {\numberline{3.2}Linearization procedure} {section.3.2}{1}{toc}
Package hyperref Info: Anchor `figure.caption.9' on input line 140.
Package epstopdf Info: Source file: <Cap2/.fig/linearizacao_1.eps>
(epstopdf)                    date: 2021-12-07 16:07:22
(epstopdf)                    size: 18187 bytes
(epstopdf)             Output file: <Cap2/.fig/linearizacao_1-eps-converted-to.pdf>
(epstopdf)                    date: 2021-12-07 16:07:48
(epstopdf)                    size: 8531 bytes
(epstopdf)             Command: <repstopdf --outfile=Cap2/.fig/linearizacao_1-eps-converted-to.pdf Cap2/.fig/linearizacao_1.eps>
(epstopdf)             \includegraphics on input line 142.
Package epstopdf Info: Output file is already uptodate.
<Cap2/.fig/linearizacao_1-eps-converted-to.pdf, id=387, 435.6275pt x 171.64125pt>
File: Cap2/.fig/linearizacao_1-eps-converted-to.pdf Graphic file (type pdf)
<use Cap2/.fig/linearizacao_1-eps-converted-to.pdf>
Package pdftex.def Info: Cap2/.fig/linearizacao_1-eps-converted-to.pdf  used on input line 142.
(pdftex.def)             Requested size: 435.62643pt x 171.64081pt.
pdftex: bookmark at 143: {3.1} {\numberline{3.1}{\ignorespaces Instantes de chaveamento\relax }} {figure.caption.9}{0}{lof}

LaTeX Warning: `h' float specifier changed to `ht'.

(./Cap3/cap3_lin_instante1.tex

LaTeX Warning: Reference `eq_continuous_time_dynamics' on page 23 undefined on input line 4.

Package hyperref Info: Anchor `equation.3.2.10' on input line 11.
Package hyperref Info: Anchor `equation.3.2.11' on input line 11.

Package fancyhdr Warning: \headheight is too small (15.93347pt): 
(fancyhdr)                Make it at least 27.11194pt, for example:
(fancyhdr)                \setlength{\headheight}{27.11194pt}.
(fancyhdr)                You might also make \topmargin smaller to compensate:
(fancyhdr)                \addtolength{\topmargin}{-11.17847pt}.

Package hyperref Info: Anchor `page.23' on input line 11.
[23]
Package hyperref Info: Reference (link) `equation.3.2.10' on input line 13.
Package hyperref Info: Reference (link) `equation.3.2.11' on input line 13.
Package hyperref Info: Anchor `equation.3.2.12' on input line 15.
Package hyperref Info: Anchor `equation.3.2.12' on input line 15.
Package hyperref Info: Anchor `equation.3.2.12' on input line 15.
Package hyperref Info: Anchor `equation.3.2.12' on input line 15.
Package hyperref Info: Anchor `equation.3.2.13' on input line 34.
Package hyperref Info: Anchor `equation.3.2.14' on input line 49.


Package fancyhdr Warning: \headheight is too small (15.93347pt): 
(fancyhdr)                Make it at least 27.11194pt, for example:
(fancyhdr)                \setlength{\headheight}{27.11194pt}.
(fancyhdr)                You might also make \topmargin smaller to compensate:
(fancyhdr)                \addtolength{\topmargin}{-11.17847pt}.

Package hyperref Info: Anchor `page.24' on input line 49.
[24
Package `hyperref' Info: End of reference (link) `equation.3.2.10', line 13.
Package `hyperref' Info: End of reference (link) `equation.3.2.11', line 13.
 <./Cap2/.fig/linearizacao_1-eps-converted-to.pdf>]
Package hyperref Info: Reference (link) `equation.3.2.13' on input line 51.
Package hyperref Info: Reference (link) `equation.3.2.14' on input line 51.
Package hyperref Info: Reference (link) `equation.3.2.12' on input line 51.
Package hyperref Info: Anchor `equation.3.2.15' on input line 53.
Package hyperref Info: Anchor `equation.3.2.15' on input line 53.
Package hyperref Info: Anchor `equation.3.2.15' on input line 53.
Package hyperref Info: Anchor `equation.3.2.15' on input line 53.
) (./Cap3/cap3_lin_instante2.tex
Package hyperref Info: Anchor `equation.3.2.16' on input line 10.
Package hyperref Info: Anchor `equation.3.2.17' on input line 10.
Package hyperref Info: Reference (link) `equation.3.2.16' on input line 12.
Package hyperref Info: Reference (link) `equation.3.2.17' on input line 12.
Package hyperref Info: Anchor `equation.3.2.18' on input line 14.
Package hyperref Info: Anchor `equation.3.2.18' on input line 14.
Package hyperref Info: Anchor `equation.3.2.18' on input line 14.
Package hyperref Info: Anchor `equation.3.2.18' on input line 14.
Package hyperref Info: Anchor `equation.3.2.19' on input line 45.


Package fancyhdr Warning: \headheight is too small (15.93347pt): 
(fancyhdr)                Make it at least 27.11194pt, for example:
(fancyhdr)                \setlength{\headheight}{27.11194pt}.
(fancyhdr)                You might also make \topmargin smaller to compensate:
(fancyhdr)                \addtolength{\topmargin}{-11.17847pt}.

Package hyperref Info: Anchor `page.25' on input line 45.
[25
Package `hyperref' Info: End of reference (link) `equation.3.2.13', line 51.
Package `hyperref' Info: End of reference (link) `equation.3.2.14', line 51.
Package `hyperref' Info: End of reference (link) `equation.3.2.12', line 51.
Package `hyperref' Info: End of reference (link) `equation.3.2.16', line 12.
Package `hyperref' Info: End of reference (link) `equation.3.2.17', line 12.
]
Package hyperref Info: Anchor `equation.3.2.20' on input line 77.
Package hyperref Info: Reference (link) `equation.3.2.19' on input line 79.
Package hyperref Info: Reference (link) `equation.3.2.20' on input line 79.
Package hyperref Info: Reference (link) `equation.3.2.18' on input line 79.
Package hyperref Info: Anchor `equation.3.2.21' on input line 80.
Package hyperref Info: Anchor `equation.3.2.21' on input line 80.
Package hyperref Info: Anchor `equation.3.2.21' on input line 80.
Package hyperref Info: Anchor `equation.3.2.21' on input line 80.
Package hyperref Info: Reference (link) `equation.3.2.15' on input line 89.
Package hyperref Info: Anchor `equation.3.2.22' on input line 91.
Package hyperref Info: Anchor `equation.3.2.22' on input line 91.
Package hyperref Info: Anchor `equation.3.2.22' on input line 91.
Package hyperref Info: Anchor `equation.3.2.22' on input line 91.
Package hyperref Info: Reference (link) `equation.3.2.21' on input line 96.


Package fancyhdr Warning: \headheight is too small (15.93347pt): 
(fancyhdr)                Make it at least 27.11194pt, for example:
(fancyhdr)                \setlength{\headheight}{27.11194pt}.
(fancyhdr)                You might also make \topmargin smaller to compensate:
(fancyhdr)                \addtolength{\topmargin}{-11.17847pt}.

Package hyperref Info: Anchor `page.26' on input line 97.
[26
Package `hyperref' Info: End of reference (link) `equation.3.2.19', line 79.
Package `hyperref' Info: End of reference (link) `equation.3.2.20', line 79.
Package `hyperref' Info: End of reference (link) `equation.3.2.18', line 79.
Package `hyperref' Info: End of reference (link) `equation.3.2.15', line 89.
]
Package hyperref Info: Anchor `equation.3.2.22' on input line 97.

pdfTeX warning (ext4): destination with the same identifier (name{equation.3.2.22}) has been already used, duplicate ignored
<to be read again> 
                   \relax 
l.97 \begin{equation}
                     
Package hyperref Info: Anchor `equation.3.2.22' on input line 97.

pdfTeX warning (ext4): destination with the same identifier (name{equation.3.2.22}) has been already used, duplicate ignored
<to be read again> 
                   \relax 
l.97 \begin{equation}
                     
Package hyperref Info: Anchor `equation.3.2.22' on input line 97.

pdfTeX warning (ext4): destination with the same identifier (name{equation.3.2.22}) has been already used, duplicate ignored
<to be read again> 
                   \relax 
l.97 \begin{equation}
                     
Package hyperref Info: Anchor `equation.3.2.22' on input line 97.

pdfTeX warning (ext4): destination with the same identifier (name{equation.3.2.22}) has been already used, duplicate ignored
<to be read again> 
                   \relax 
l.97 \begin{equation}
                     
Package hyperref Info: Anchor `equation.3.2.22' on input line 104.

pdfTeX warning (ext4): destination with the same identifier (name{equation.3.2.22}) has been already used, duplicate ignored
<to be read again> 
                   \relax 
l.104 \begin{equation}
                      
Package hyperref Info: Anchor `equation.3.2.22' on input line 104.

pdfTeX warning (ext4): destination with the same identifier (name{equation.3.2.22}) has been already used, duplicate ignored
<to be read again> 
                   \relax 
l.104 \begin{equation}
                      
Package hyperref Info: Anchor `equation.3.2.22' on input line 104.

pdfTeX warning (ext4): destination with the same identifier (name{equation.3.2.22}) has been already used, duplicate ignored
<to be read again> 
                   \relax 
l.104 \begin{equation}
                      
Package hyperref Info: Anchor `equation.3.2.22' on input line 104.

pdfTeX warning (ext4): destination with the same identifier (name{equation.3.2.22}) has been already used, duplicate ignored
<to be read again> 
                   \relax 
l.104 \begin{equation}
                      
Package hyperref Info: Reference (link) `equation.3.2.15' on input line 109.
Package hyperref Info: Reference (link) `equation.3.2.22' on input line 109.
Package hyperref Info: Reference (link) `equation.3.2.21' on input line 109.
Package hyperref Info: Anchor `equation.3.2.23' on input line 110.
Package hyperref Info: Anchor `equation.3.2.23' on input line 110.
Package hyperref Info: Anchor `equation.3.2.23' on input line 110.
Package hyperref Info: Anchor `equation.3.2.23' on input line 110.
Package hyperref Info: Anchor `equation.3.2.23' on input line 120.
Package hyperref Info: Anchor `equation.3.2.23' on input line 120.
Package hyperref Info: Anchor `equation.3.2.23' on input line 120.
Package hyperref Info: Anchor `equation.3.2.23' on input line 120.
) (./Cap3/cap3_lin_instante3.tex
Package hyperref Info: Anchor `equation.3.2.24' on input line 12.
Package hyperref Info: Anchor `equation.3.2.25' on input line 12.
Package hyperref Info: Reference (link) `equation.3.2.24' on input line 14.
Package hyperref Info: Reference (link) `equation.3.2.25' on input line 14.
Package hyperref Info: Anchor `equation.3.2.26' on input line 16.
Package hyperref Info: Anchor `equation.3.2.26' on input line 16.
Package hyperref Info: Anchor `equation.3.2.26' on input line 16.
Package hyperref Info: Anchor `equation.3.2.26' on input line 16.
Package hyperref Info: Anchor `equation.3.2.27' on input line 46.


Package fancyhdr Warning: \headheight is too small (15.93347pt): 
(fancyhdr)                Make it at least 27.11194pt, for example:
(fancyhdr)                \setlength{\headheight}{27.11194pt}.
(fancyhdr)                You might also make \topmargin smaller to compensate:
(fancyhdr)                \addtolength{\topmargin}{-11.17847pt}.

Package hyperref Info: Anchor `page.27' on input line 46.
[27
Package `hyperref' Info: End of reference (link) `equation.3.2.21', line 96.
Package `hyperref' Info: End of reference (link) `equation.3.2.15', line 109.
Package `hyperref' Info: End of reference (link) `equation.3.2.22', line 109.
Package `hyperref' Info: End of reference (link) `equation.3.2.21', line 109.

pdfTeX warning (ext4): destination with the same identifier (name{equation.3.2.23}) has been already used, duplicate ignored
<argument> ...shipout:D \box_use:N \l_shipout_box 
                                                  \__shipout_drop_firstpage_...
l.46 \end{align}
                
Package `hyperref' Info: End of reference (link) `equation.3.2.24', line 14.
Package `hyperref' Info: End of reference (link) `equation.3.2.25', line 14.
]
Package hyperref Info: Anchor `equation.3.2.28' on input line 78.
Package hyperref Info: Reference (link) `equation.3.2.27' on input line 80.
Package hyperref Info: Reference (link) `equation.3.2.28' on input line 80.
Package hyperref Info: Reference (link) `equation.3.2.26' on input line 80.


Package fancyhdr Warning: \headheight is too small (15.93347pt): 
(fancyhdr)                Make it at least 27.11194pt, for example:
(fancyhdr)                \setlength{\headheight}{27.11194pt}.
(fancyhdr)                You might also make \topmargin smaller to compensate:
(fancyhdr)                \addtolength{\topmargin}{-11.17847pt}.

Package hyperref Info: Anchor `page.28' on input line 100.
[28
Package `hyperref' Info: End of reference (link) `equation.3.2.27', line 80.
Package `hyperref' Info: End of reference (link) `equation.3.2.28', line 80.
Package `hyperref' Info: End of reference (link) `equation.3.2.26', line 80.
]
Package hyperref Info: Anchor `equation.3.2.29' on input line 109.
) (./Cap3/cap3_lin_instanteN.tex
Package hyperref Info: Anchor `equation.3.2.30' on input line 15.

Overfull \hbox (2.28185pt too wide) detected at line 15
[]
 []

Package hyperref Info: Anchor `equation.3.2.31' on input line 34.

Package fancyhdr Warning: \headheight is too small (15.93347pt): 
(fancyhdr)                Make it at least 27.11194pt, for example:
(fancyhdr)                \setlength{\headheight}{27.11194pt}.
(fancyhdr)                You might also make \topmargin smaller to compensate:
(fancyhdr)                \addtolength{\topmargin}{-11.17847pt}.

Package hyperref Info: Anchor `page.29' on input line 34.
[29]
Package hyperref Info: Anchor `equation.3.2.32' on input line 44.
Package hyperref Info: Anchor `equation.3.2.33' on input line 54.
Package hyperref Info: Reference (link) `equation.3.2.32' on input line 56.
Package hyperref Info: Reference (link) `equation.3.2.33' on input line 56.
Package hyperref Info: Reference (link) `equation.3.2.31' on input line 56.
Package hyperref Info: Anchor `equation.3.2.34' on input line 67.


Package fancyhdr Warning: \headheight is too small (15.93347pt): 
(fancyhdr)                Make it at least 27.11194pt, for example:
(fancyhdr)                \setlength{\headheight}{27.11194pt}.
(fancyhdr)                You might also make \topmargin smaller to compensate:
(fancyhdr)                \addtolength{\topmargin}{-11.17847pt}.

Package hyperref Info: Anchor `page.30' on input line 67.
[30
Package `hyperref' Info: End of reference (link) `equation.3.2.32', line 56.
Package `hyperref' Info: End of reference (link) `equation.3.2.33', line 56.
Package `hyperref' Info: End of reference (link) `equation.3.2.31', line 56.
]
Package hyperref Info: Anchor `equation.3.2.35' on input line 80.
Package hyperref Info: Anchor `equation.3.2.36' on input line 80.
Package hyperref Info: Anchor `equation.3.2.37' on input line 80.
Package hyperref Info: Anchor `equation.3.2.38' on input line 80.
Package hyperref Info: Anchor `equation.3.2.39' on input line 80.
Package hyperref Info: Anchor `equation.3.2.40' on input line 88.
Package hyperref Info: Anchor `equation.3.2.41' on input line 88.
Package hyperref Info: Anchor `equation.3.2.42' on input line 88.
Package hyperref Info: Anchor `equation.3.2.43' on input line 92.
Package hyperref Info: Anchor `equation.3.2.43' on input line 92.
Package hyperref Info: Anchor `equation.3.2.43' on input line 92.
Package hyperref Info: Anchor `equation.3.2.43' on input line 92.
)
Package hyperref Info: Anchor `section.3.3' on input line 151.

pdftex: bookmark at 151: {3.3} {\numberline{3.3}Optimal control problem} {section.3.3}{1}{toc}
Package hyperref Info: Anchor `subsection.3.3.1' on input line 152.
pdftex: bookmark at 152: {3.3.1} {\numberline{3.3.1}{Cost function}} {subsection.3.3.1}{2}{toc}
Package hyperref Info: Anchor `subsection.3.3.2' on input line 153.
pdftex: bookmark at 153: {3.3.2} {\numberline{3.3.2}{Prediction equation}} {subsection.3.3.2}{2}{toc}
Package hyperref Info: Anchor `subsection.3.3.3' on input line 154.
pdftex: bookmark at 154: {3.3.3} {\numberline{3.3.3}{Constraints}} {subsection.3.3.3}{2}{toc}
Package hyperref Info: Anchor `subsection.3.3.4' on input line 155.
pdftex: bookmark at 155: {3.3.4} {\numberline{3.3.4}{Feasibility region}} {subsection.3.3.4}{2}{toc}
Package hyperref Info: Anchor `section.3.4' on input line 157.
pdftex: bookmark at 157: {3.4} {\numberline{3.4}Application Examples} {section.3.4}{1}{toc}
(./Cap3/cap3_application_examples.tex
Package hyperref Info: Anchor `subsection.3.4.1' on input line 1.

pdftex: bookmark at 1: {3.4.1} {\numberline{3.4.1}Integrador duplo} {subsection.3.4.1}{2}{toc}
Package hyperref Info: Anchor `subsection.3.4.2' on input line 2.
pdftex: bookmark at 2: {3.4.2} {\numberline{3.4.2}Patino 1} {subsection.3.4.2}{2}{toc}
Package hyperref Info: Anchor `subsection.3.4.3' on input line 3.
pdftex: bookmark at 3: {3.4.3} {\numberline{3.4.3}Patino 2} {subsection.3.4.3}{2}{toc}

Package fancyhdr Warning: \headheight is too small (15.93347pt): 
(fancyhdr)                Make it at least 27.11194pt, for example:
(fancyhdr)                \setlength{\headheight}{27.11194pt}.
(fancyhdr)                You might also make \topmargin smaller to compensate:
(fancyhdr)                \addtolength{\topmargin}{-11.17847pt}.

Package hyperref Info: Anchor `page.31' on input line 7.
[31]
Package hyperref Info: Anchor `equation.3.4.44' on input line 7.
Package hyperref Info: Anchor `equation.3.4.44' on input line 7.
Package hyperref Info: Anchor `equation.3.4.44' on input line 7.
Package hyperref Info: Anchor `equation.3.4.44' on input line 7.
Package hyperref Info: Anchor `equation.3.4.45' on input line 32.
Package hyperref Info: Anchor `equation.3.4.45' on input line 32.
Package hyperref Info: Anchor `equation.3.4.45' on input line 32.
Package hyperref Info: Anchor `equation.3.4.45' on input line 32.
Package hyperref Info: Anchor `equation.3.4.46' on input line 43.
Package hyperref Info: Anchor `equation.3.4.46' on input line 43.
Package hyperref Info: Anchor `equation.3.4.46' on input line 43.
Package hyperref Info: Anchor `equation.3.4.46' on input line 43.


Package fancyhdr Warning: \headheight is too small (15.93347pt): 
(fancyhdr)                Make it at least 27.11194pt, for example:
(fancyhdr)                \setlength{\headheight}{27.11194pt}.
(fancyhdr)                You might also make \topmargin smaller to compensate:
(fancyhdr)                \addtolength{\topmargin}{-11.17847pt}.

Package hyperref Info: Anchor `page.32' on input line 94.
[32]
Package hyperref Info: Anchor `equation.3.4.47' on input line 97.
Package hyperref Info: Anchor `equation.3.4.47' on input line 97.
Package hyperref Info: Anchor `equation.3.4.47' on input line 97.
Package hyperref Info: Anchor `equation.3.4.47' on input line 97.
Package hyperref Info: Anchor `equation.3.4.48' on input line 108.
Package hyperref Info: Anchor `equation.3.4.48' on input line 108.
Package hyperref Info: Anchor `equation.3.4.48' on input line 108.
Package hyperref Info: Anchor `equation.3.4.48' on input line 108.
Package hyperref Info: Anchor `equation.3.4.49' on input line 119.
Package hyperref Info: Anchor `equation.3.4.49' on input line 119.
Package hyperref Info: Anchor `equation.3.4.49' on input line 119.
Package hyperref Info: Anchor `equation.3.4.49' on input line 119.
Package hyperref Info: Anchor `equation.3.4.50' on input line 130.
Package hyperref Info: Anchor `equation.3.4.50' on input line 130.
Package hyperref Info: Anchor `equation.3.4.50' on input line 130.
Package hyperref Info: Anchor `equation.3.4.50' on input line 130.
Package hyperref Info: Anchor `equation.3.4.51' on input line 141.
Package hyperref Info: Anchor `equation.3.4.51' on input line 141.
Package hyperref Info: Anchor `equation.3.4.51' on input line 141.
Package hyperref Info: Anchor `equation.3.4.51' on input line 141.
Package hyperref Info: Anchor `equation.3.4.52' on input line 152.
Package hyperref Info: Anchor `equation.3.4.52' on input line 152.
Package hyperref Info: Anchor `equation.3.4.52' on input line 152.
Package hyperref Info: Anchor `equation.3.4.52' on input line 152.
Package hyperref Info: Anchor `equation.3.4.53' on input line 163.
Package hyperref Info: Anchor `equation.3.4.53' on input line 163.
Package hyperref Info: Anchor `equation.3.4.53' on input line 163.
Package hyperref Info: Anchor `equation.3.4.53' on input line 163.


Package fancyhdr Warning: \headheight is too small (15.93347pt): 
(fancyhdr)                Make it at least 27.11194pt, for example:
(fancyhdr)                \setlength{\headheight}{27.11194pt}.
(fancyhdr)                You might also make \topmargin smaller to compensate:
(fancyhdr)                \addtolength{\topmargin}{-11.17847pt}.

Package hyperref Info: Anchor `page.33' on input line 172.
[33]
Package hyperref Info: Anchor `equation.3.4.54' on input line 174.
Package hyperref Info: Anchor `equation.3.4.54' on input line 174.
Package hyperref Info: Anchor `equation.3.4.54' on input line 174.
Package hyperref Info: Anchor `equation.3.4.54' on input line 174.
Package hyperref Info: Anchor `equation.3.4.55' on input line 186.
Package hyperref Info: Anchor `equation.3.4.55' on input line 186.
Package hyperref Info: Anchor `equation.3.4.55' on input line 186.
Package hyperref Info: Anchor `equation.3.4.55' on input line 186.
Package hyperref Info: Anchor `equation.3.4.56' on input line 214.
Package hyperref Info: Anchor `equation.3.4.56' on input line 214.
Package hyperref Info: Anchor `equation.3.4.56' on input line 214.
Package hyperref Info: Anchor `equation.3.4.56' on input line 214.
Package hyperref Info: Anchor `equation.3.4.57' on input line 242.
Package hyperref Info: Anchor `equation.3.4.57' on input line 242.
Package hyperref Info: Anchor `equation.3.4.57' on input line 242.
Package hyperref Info: Anchor `equation.3.4.57' on input line 242.
Package hyperref Info: Anchor `equation.3.4.58' on input line 270.
Package hyperref Info: Anchor `equation.3.4.58' on input line 270.
Package hyperref Info: Anchor `equation.3.4.58' on input line 270.
Package hyperref Info: Anchor `equation.3.4.58' on input line 270.
Package hyperref Info: Anchor `equation.3.4.59' on input line 298.
Package hyperref Info: Anchor `equation.3.4.59' on input line 298.
Package hyperref Info: Anchor `equation.3.4.59' on input line 298.
Package hyperref Info: Anchor `equation.3.4.59' on input line 298.
Package hyperref Info: Anchor `equation.3.4.60' on input line 326.
Package hyperref Info: Anchor `equation.3.4.60' on input line 326.
Package hyperref Info: Anchor `equation.3.4.60' on input line 326.
Package hyperref Info: Anchor `equation.3.4.60' on input line 326.
Package hyperref Info: Anchor `equation.3.4.61' on input line 354.
Package hyperref Info: Anchor `equation.3.4.61' on input line 354.
Package hyperref Info: Anchor `equation.3.4.61' on input line 354.
Package hyperref Info: Anchor `equation.3.4.61' on input line 354.
Package hyperref Info: Anchor `equation.3.4.62' on input line 382.
Package hyperref Info: Anchor `equation.3.4.62' on input line 382.
Package hyperref Info: Anchor `equation.3.4.62' on input line 382.
Package hyperref Info: Anchor `equation.3.4.62' on input line 382.
))

Package fancyhdr Warning: \headheight is too small (15.93347pt): 
(fancyhdr)                Make it at least 27.11194pt, for example:
(fancyhdr)                \setlength{\headheight}{27.11194pt}.
(fancyhdr)                You might also make \topmargin smaller to compensate:
(fancyhdr)                \addtolength{\topmargin}{-11.17847pt}.

Package hyperref Info: Anchor `page.34' on input line 263.
[34]

Package fancyhdr Warning: \headheight is too small (15.93347pt): 
(fancyhdr)                Make it at least 27.11194pt, for example:
(fancyhdr)                \setlength{\headheight}{27.11194pt}.
(fancyhdr)                You might also make \topmargin smaller to compensate:
(fancyhdr)                \addtolength{\topmargin}{-11.17847pt}.

Package hyperref Info: Anchor `page.35' on input line 263.
[35]
Package hyperref Info: Anchor `chapter.4' on input line 263.

Chapter 4.
pdftex: bookmark at 263: {4} {\numberline{4}Conclus\~ao} {chapter.4}{0}{toc}
(./Cap4/cap4.tex
<Cap4/cronograma.pdf, id=527, 133.2177pt x 40.7121pt>
File: Cap4/cronograma.pdf Graphic file (type pdf)
<use Cap4/cronograma.pdf>
Package pdftex.def Info: Cap4/cronograma.pdf  used on input line 9.
(pdftex.def)             Requested size: 399.65208pt x 122.13593pt.
) (./tese.bbl (./tese.brf)
\tf@brf=\write10
\openout10 = `tese.brf'.

Package hyperref Info: Anchor `page.36' on input line 3.
 [36

 <./Cap4/cronograma.pdf>]
Package hyperref Info: Anchor `chapter*.10' on input line 3.
Package hyperref Info: Anchor `chapter.5' on input line 3.

pdftex: bookmark at 3: {5} {Bibliography} {chapter.5}{0}{toc}
Package hyperref Info: Anchor `cite.benmiloud2018' on input line 14.
Package hyperref Info: Anchor `cite.reference_urban_traffic_control' on input line 22.
Package hyperref Info: Anchor `cite.matheus2018' on input line 30.
Package hyperref Info: Anchor `cite.reference_biochemical_reaction' on input line 38.
Package hyperref Info: Anchor `cite.patino2010predictive' on input line 45.
Package hyperref Info: Anchor `cite.marcio2013' on input line 53.
)
Package hyperref Info: Anchor `page.37' on input line 273.
 [37

]
Package hyperref Info: Anchor `appendix.A' on input line 274.

Appendix A.
pdftex: bookmark at 274: {A} {\numberline{A}T\'opicos de Dilema Linear} {appendix.A}{0}{toc}
(./ApeA/apendiceA.tex
Package hyperref Info: Anchor `section.A.1' on input line 2.

pdftex: bookmark at 2: {A.1} {\numberline{A.1}Modelo de simula\c c\~ao} {section.A.1}{1}{toc}
LaTeX Font Info:    Trying to load font information for T1+aett on input line 24.
(c:/texlive/2022/texmf-dist/tex/latex/ae/t1aett.fd
File: t1aett.fd 1997/11/16 Font definitions for T1/aett.
)
Package hyperref Info: Anchor `subsection.A.1.1' on input line 26.

pdftex: bookmark at 26: {A.1.1} {\numberline{A.1.1}get\_x0} {subsection.A.1.1}{2}{toc}
Package hyperref Info: Anchor `subsection.A.1.2' on input line 30.
pdftex: bookmark at 30: {A.1.2} {\numberline{A.1.2}get\_xf} {subsection.A.1.2}{2}{toc}
)
Package hyperref Info: Anchor `page.38' on input line 278.
 [38


]
Package hyperref Info: Anchor `annex.a' on input line 279.

Annex A.
pdftex: bookmark at 279: {A} {\numberline{A}Exemplo de um Primeiro Anexo} {annex.a}{0}{toc}
(./AneA/anexoA.tex
Package hyperref Info: Anchor `section.a.1' on input line 2.

pdftex: bookmark at 2: {A.1} {\numberline{A.1}Uma Se\c c\~ao do Primeiro Anexo} {section.a.1}{1}{toc}
)
Package hyperref Info: Anchor `page.39' on input line 303.
 [39


]
\bottommargin=\skip82
\rightmarginn=\skip83
Package hyperref Info: Anchor `bla.0' on input line 303.
 (./Cap0/resumo.tex) (./Cap0/resumo.tex) (./Cap0/resumo.tex)
Overfull \hbox (74.53033pt too wide) in paragraph at lines 303--303
[][] 
 []


AED: lastpage setting LastPage
Package hyperref Info: Anchor `page.40' on input line 305.
[40

] (./tese.aux)

LaTeX Font Warning: Some font shapes were not available, defaults substituted.


LaTeX Warning: There were undefined references.


LaTeX Warning: Label(s) may have changed. Rerun to get cross-references right.

Package rerunfilecheck Info: File `tese.out' has not changed.
(rerunfilecheck)             Checksum: 99E71053F827FD3C5615FDF6A77F6D17;7546.
Package rerunfilecheck Info: File `tese.brf' has not changed.
(rerunfilecheck)             Checksum: D41D8CD98F00B204E9800998ECF8427E;0.
 ) 
Here is how much of TeX's memory you used:
 15389 strings out of 480260
 246657 string characters out of 5894735
 568157 words of memory out of 5000000
 32700 multiletter control sequences out of 15000+600000
 529647 words of font info for 144 fonts, out of 8000000 for 9000
 14 hyphenation exceptions out of 8191
 102i,25n,105p,673b,572s stack positions out of 10000i,1000n,20000p,200000b,200000s
 <c:/Users/Daniel/.texlive2022/texmf-var/fonts/pk/ljfour/jknappen/ec/tcrm0800.600pk> <c:/Users/Daniel/.texlive2022/texmf-var/fonts/pk/ljfour/jknappen/ec/tcrm1200.600pk><c:/texlive/2022/texmf-dist/fonts/type1/public/amsfonts/cm/cmb10.pfb><c:/texlive/2022/texmf-dist/fonts/type1/public/amsfonts/cmextra/cmbsy8.pfb><c:/texlive/2022/texmf-dist/fonts/type1/public/amsfonts/cm/cmbx12.pfb><c:/texlive/2022/texmf-dist/fonts/type1/public/amsfonts/cm/cmbx6.pfb><c:/texlive/2022/texmf-dist/fonts/type1/public/amsfonts/cm/cmbx8.pfb><c:/texlive/2022/texmf-dist/fonts/type1/public/amsfonts/cm/cmcsc10.pfb><c:/texlive/2022/texmf-dist/fonts/type1/public/amsfonts/cm/cmex10.pfb><c:/texlive/2022/texmf-dist/fonts/type1/public/amsfonts/cm/cmmi12.pfb><c:/texlive/2022/texmf-dist/fonts/type1/public/amsfonts/cm/cmmi6.pfb><c:/texlive/2022/texmf-dist/fonts/type1/public/amsfonts/cm/cmmi7.pfb><c:/texlive/2022/texmf-dist/fonts/type1/public/amsfonts/cm/cmmi8.pfb><c:/texlive/2022/texmf-dist/fonts/type1/public/amsfonts/cm/cmmib10.pfb><c:/texlive/2022/texmf-dist/fonts/type1/public/amsfonts/cmextra/cmmib6.pfb><c:/texlive/2022/texmf-dist/fonts/type1/public/amsfonts/cmextra/cmmib8.pfb><c:/texlive/2022/texmf-dist/fonts/type1/public/amsfonts/cm/cmr10.pfb><c:/texlive/2022/texmf-dist/fonts/type1/public/amsfonts/cm/cmr12.pfb><c:/texlive/2022/texmf-dist/fonts/type1/public/amsfonts/cm/cmr6.pfb><c:/texlive/2022/texmf-dist/fonts/type1/public/amsfonts/cm/cmr7.pfb><c:/texlive/2022/texmf-dist/fonts/type1/public/amsfonts/cm/cmr8.pfb><c:/texlive/2022/texmf-dist/fonts/type1/public/amsfonts/cm/cmssi12.pfb><c:/texlive/2022/texmf-dist/fonts/type1/public/amsfonts/cm/cmsy10.pfb><c:/texlive/2022/texmf-dist/fonts/type1/public/amsfonts/cm/cmsy6.pfb><c:/texlive/2022/texmf-dist/fonts/type1/public/amsfonts/cm/cmsy8.pfb><c:/texlive/2022/texmf-dist/fonts/type1/public/amsfonts/cm/cmti12.pfb><c:/texlive/2022/texmf-dist/fonts/type1/public/amsfonts/cm/cmtt12.pfb><c:/texlive/2022/texmf-dist/fonts/type1/public/amsfonts/latxfont/line10.pfb><c:/texlive/2022/texmf-dist/fonts/type1/public/amsfonts/symbols/msam10.pfb><c:/texlive/2022/texmf-dist/fonts/type1/public/amsfonts/symbols/msbm10.pfb>
Output written on tese.pdf (40 pages, 384689 bytes).
PDF statistics:
 726 PDF objects out of 1000 (max. 8388607)
 613 compressed objects within 7 object streams
 178 named destinations out of 1000 (max. 500000)
 371 words of extra memory for PDF output out of 10000 (max. 10000000)

